23:26:06.593 [main] INFO  o.s.c.a.AnnotationConfigApplicationContext - Refreshing org.springframework.context.annotation.AnnotationConfigApplicationContext@59d2400d: startup date [Mon Oct 08 23:26:06 CST 2018]; root of context hierarchy
23:26:06.946 [main] INFO  o.s.b.f.a.AutowiredAnnotationBeanPostProcessor - JSR-330 'javax.inject.Inject' annotation found and supported for autowiring
23:26:06.998 [main] INFO  o.s.c.s.PostProcessorRegistrationDelegate$BeanPostProcessorChecker - Bean 'configurationPropertiesRebinderAutoConfiguration' of type [org.springframework.cloud.autoconfigure.ConfigurationPropertiesRebinderAutoConfiguration$$EnhancerBySpringCGLIB$$4fd16aa9] is not eligible for getting processed by all BeanPostProcessors (for example: not eligible for auto-proxying)
23:26:07.013 [background-preinit] INFO  o.h.validator.internal.util.Version - HV000001: Hibernate Validator 5.3.6.Final
23:26:08.521 [main] INFO  com.nzy.eureka.book.UserApplication - No active profile set, falling back to default profiles: default
23:26:08.538 [main] INFO  o.s.b.c.e.AnnotationConfigEmbeddedWebApplicationContext - Refreshing org.springframework.boot.context.embedded.AnnotationConfigEmbeddedWebApplicationContext@40ab8a8: startup date [Mon Oct 08 23:26:08 CST 2018]; parent: org.springframework.context.annotation.AnnotationConfigApplicationContext@59d2400d
23:26:09.345 [main] WARN  o.m.s.mapper.ClassPathMapperScanner - No MyBatis mapper was found in '[com.nzy.eureka.book]' package. Please check your configuration.
23:26:09.725 [main] INFO  o.s.cloud.context.scope.GenericScope - BeanFactory id=c8c9c5b8-8575-3317-88ab-7a123f119e4d
23:26:09.756 [main] INFO  o.s.b.f.a.AutowiredAnnotationBeanPostProcessor - JSR-330 'javax.inject.Inject' annotation found and supported for autowiring
23:26:09.857 [main] INFO  o.s.c.s.PostProcessorRegistrationDelegate$BeanPostProcessorChecker - Bean 'org.springframework.cloud.autoconfigure.ConfigurationPropertiesRebinderAutoConfiguration' of type [org.springframework.cloud.autoconfigure.ConfigurationPropertiesRebinderAutoConfiguration$$EnhancerBySpringCGLIB$$4fd16aa9] is not eligible for getting processed by all BeanPostProcessors (for example: not eligible for auto-proxying)
23:26:09.875 [main] INFO  o.s.c.s.PostProcessorRegistrationDelegate$BeanPostProcessorChecker - Bean 'org.springframework.transaction.annotation.ProxyTransactionManagementConfiguration' of type [org.springframework.transaction.annotation.ProxyTransactionManagementConfiguration$$EnhancerBySpringCGLIB$$33b767ac] is not eligible for getting processed by all BeanPostProcessors (for example: not eligible for auto-proxying)
23:26:10.442 [main] INFO  o.s.b.c.e.t.TomcatEmbeddedServletContainer - Tomcat initialized with port(s): 8083 (http)
23:26:10.456 [main] INFO  o.a.coyote.http11.Http11NioProtocol - Initializing ProtocolHandler ["http-nio-8083"]
23:26:10.466 [main] INFO  o.a.catalina.core.StandardService - Starting service [Tomcat]
23:26:10.467 [main] INFO  o.a.catalina.core.StandardEngine - Starting Servlet Engine: Apache Tomcat/8.5.31
23:26:10.637 [localhost-startStop-1] INFO  o.a.c.c.C.[Tomcat].[localhost].[/] - Initializing Spring embedded WebApplicationContext
23:26:10.637 [localhost-startStop-1] INFO  o.s.web.context.ContextLoader - Root WebApplicationContext: initialization completed in 2099 ms
23:26:10.784 [localhost-startStop-1] INFO  o.s.b.w.s.ServletRegistrationBean - Mapping servlet: 'dispatcherServlet' to [/]
23:26:10.788 [localhost-startStop-1] INFO  o.s.b.w.s.FilterRegistrationBean - Mapping filter: 'characterEncodingFilter' to: [/*]
23:26:10.789 [localhost-startStop-1] INFO  o.s.b.w.s.FilterRegistrationBean - Mapping filter: 'hiddenHttpMethodFilter' to: [/*]
23:26:10.789 [localhost-startStop-1] INFO  o.s.b.w.s.FilterRegistrationBean - Mapping filter: 'httpPutFormContentFilter' to: [/*]
23:26:10.789 [localhost-startStop-1] INFO  o.s.b.w.s.FilterRegistrationBean - Mapping filter: 'requestContextFilter' to: [/*]
23:26:10.820 [main] WARN  o.s.b.c.e.AnnotationConfigEmbeddedWebApplicationContext - Exception encountered during context initialization - cancelling refresh attempt: org.springframework.beans.factory.UnsatisfiedDependencyException: Error creating bean with name 'userFacadeImpl': Unsatisfied dependency expressed through field 'userService'; nested exception is org.springframework.beans.factory.UnsatisfiedDependencyException: Error creating bean with name 'userService': Unsatisfied dependency expressed through field 'userMapper'; nested exception is org.springframework.beans.factory.NoSuchBeanDefinitionException: No qualifying bean of type 'com.nzy.eureka.book.user.persistence.UserMapper' available: expected at least 1 bean which qualifies as autowire candidate. Dependency annotations: {@org.springframework.beans.factory.annotation.Autowired(required=true)}
23:26:10.821 [main] INFO  o.a.catalina.core.StandardService - Stopping service [Tomcat]
23:26:10.841 [main] INFO  o.s.b.a.l.AutoConfigurationReportLoggingInitializer - 

Error starting ApplicationContext. To display the auto-configuration report re-run your application with 'debug' enabled.
23:26:11.001 [main] ERROR o.s.b.d.LoggingFailureAnalysisReporter - 

***************************
APPLICATION FAILED TO START
***************************

Description:

Field userMapper in com.nzy.eureka.book.user.service.UserService required a bean of type 'com.nzy.eureka.book.user.persistence.UserMapper' that could not be found.


Action:

Consider defining a bean of type 'com.nzy.eureka.book.user.persistence.UserMapper' in your configuration.

23:27:33.907 [main] INFO  o.s.c.a.AnnotationConfigApplicationContext - Refreshing org.springframework.context.annotation.AnnotationConfigApplicationContext@59d2400d: startup date [Mon Oct 08 23:27:33 CST 2018]; root of context hierarchy
23:27:34.161 [main] INFO  o.s.b.f.a.AutowiredAnnotationBeanPostProcessor - JSR-330 'javax.inject.Inject' annotation found and supported for autowiring
23:27:34.248 [main] INFO  o.s.c.s.PostProcessorRegistrationDelegate$BeanPostProcessorChecker - Bean 'configurationPropertiesRebinderAutoConfiguration' of type [org.springframework.cloud.autoconfigure.ConfigurationPropertiesRebinderAutoConfiguration$$EnhancerBySpringCGLIB$$4fd16aa9] is not eligible for getting processed by all BeanPostProcessors (for example: not eligible for auto-proxying)
23:27:34.354 [main] INFO  o.h.validator.internal.util.Version - HV000001: Hibernate Validator 5.3.6.Final
23:27:35.816 [main] INFO  com.nzy.eureka.book.UserApplication - No active profile set, falling back to default profiles: default
23:27:35.835 [main] INFO  o.s.b.c.e.AnnotationConfigEmbeddedWebApplicationContext - Refreshing org.springframework.boot.context.embedded.AnnotationConfigEmbeddedWebApplicationContext@5ac7aa18: startup date [Mon Oct 08 23:27:35 CST 2018]; parent: org.springframework.context.annotation.AnnotationConfigApplicationContext@59d2400d
23:27:36.481 [main] INFO  o.s.cloud.context.scope.GenericScope - BeanFactory id=88285d20-e999-3aa9-8d7b-2082be5c650c
23:27:36.499 [main] INFO  o.s.b.f.a.AutowiredAnnotationBeanPostProcessor - JSR-330 'javax.inject.Inject' annotation found and supported for autowiring
23:27:36.577 [main] INFO  o.s.c.s.PostProcessorRegistrationDelegate$BeanPostProcessorChecker - Bean 'org.springframework.cloud.autoconfigure.ConfigurationPropertiesRebinderAutoConfiguration' of type [org.springframework.cloud.autoconfigure.ConfigurationPropertiesRebinderAutoConfiguration$$EnhancerBySpringCGLIB$$4fd16aa9] is not eligible for getting processed by all BeanPostProcessors (for example: not eligible for auto-proxying)
23:27:36.586 [main] INFO  o.s.c.s.PostProcessorRegistrationDelegate$BeanPostProcessorChecker - Bean 'org.springframework.transaction.annotation.ProxyTransactionManagementConfiguration' of type [org.springframework.transaction.annotation.ProxyTransactionManagementConfiguration$$EnhancerBySpringCGLIB$$33b767ac] is not eligible for getting processed by all BeanPostProcessors (for example: not eligible for auto-proxying)
23:27:37.039 [main] INFO  o.s.b.c.e.t.TomcatEmbeddedServletContainer - Tomcat initialized with port(s): 8083 (http)
23:27:37.053 [main] INFO  o.a.coyote.http11.Http11NioProtocol - Initializing ProtocolHandler ["http-nio-8083"]
23:27:37.065 [main] INFO  o.a.catalina.core.StandardService - Starting service [Tomcat]
23:27:37.065 [main] INFO  o.a.catalina.core.StandardEngine - Starting Servlet Engine: Apache Tomcat/8.5.31
23:27:37.216 [localhost-startStop-1] INFO  o.a.c.c.C.[Tomcat].[localhost].[/] - Initializing Spring embedded WebApplicationContext
23:27:37.216 [localhost-startStop-1] INFO  o.s.web.context.ContextLoader - Root WebApplicationContext: initialization completed in 1381 ms
23:27:37.344 [localhost-startStop-1] INFO  o.s.b.w.s.ServletRegistrationBean - Mapping servlet: 'dispatcherServlet' to [/]
23:27:37.348 [localhost-startStop-1] INFO  o.s.b.w.s.FilterRegistrationBean - Mapping filter: 'characterEncodingFilter' to: [/*]
23:27:37.349 [localhost-startStop-1] INFO  o.s.b.w.s.FilterRegistrationBean - Mapping filter: 'hiddenHttpMethodFilter' to: [/*]
23:27:37.349 [localhost-startStop-1] INFO  o.s.b.w.s.FilterRegistrationBean - Mapping filter: 'httpPutFormContentFilter' to: [/*]
23:27:37.349 [localhost-startStop-1] INFO  o.s.b.w.s.FilterRegistrationBean - Mapping filter: 'requestContextFilter' to: [/*]
23:27:38.925 [main] INFO  o.s.cloud.commons.util.InetUtils - Cannot determine local hostname
23:27:39.121 [main] WARN  c.n.c.sources.URLConfigurationSource - No URLs will be polled as dynamic configuration sources.
23:27:39.122 [main] INFO  c.n.c.sources.URLConfigurationSource - To enable URLs as dynamic configuration sources, define System property archaius.configurationSource.additionalUrls or make config.properties available on classpath.
23:27:39.127 [main] WARN  c.n.c.sources.URLConfigurationSource - No URLs will be polled as dynamic configuration sources.
23:27:39.127 [main] INFO  c.n.c.sources.URLConfigurationSource - To enable URLs as dynamic configuration sources, define System property archaius.configurationSource.additionalUrls or make config.properties available on classpath.
23:27:39.289 [main] INFO  o.s.w.s.m.m.a.RequestMappingHandlerAdapter - Looking for @ControllerAdvice: org.springframework.boot.context.embedded.AnnotationConfigEmbeddedWebApplicationContext@5ac7aa18: startup date [Mon Oct 08 23:27:35 CST 2018]; parent: org.springframework.context.annotation.AnnotationConfigApplicationContext@59d2400d
23:27:39.359 [main] INFO  o.s.w.s.m.m.a.RequestMappingHandlerMapping - Mapped "{[/user/login],methods=[GET],consumes=[application/json]}" onto public java.lang.Integer com.nzy.eureka.book.user.facade.UserFacadeImpl.login(java.lang.String,java.lang.String)
23:27:39.361 [main] INFO  o.s.w.s.m.m.a.RequestMappingHandlerMapping - Mapped "{[/error]}" onto public org.springframework.http.ResponseEntity<java.util.Map<java.lang.String, java.lang.Object>> org.springframework.boot.autoconfigure.web.BasicErrorController.error(javax.servlet.http.HttpServletRequest)
23:27:39.362 [main] INFO  o.s.w.s.m.m.a.RequestMappingHandlerMapping - Mapped "{[/error],produces=[text/html]}" onto public org.springframework.web.servlet.ModelAndView org.springframework.boot.autoconfigure.web.BasicErrorController.errorHtml(javax.servlet.http.HttpServletRequest,javax.servlet.http.HttpServletResponse)
23:27:39.417 [main] INFO  o.s.w.s.h.SimpleUrlHandlerMapping - Mapped URL path [/webjars/**] onto handler of type [class org.springframework.web.servlet.resource.ResourceHttpRequestHandler]
23:27:39.418 [main] INFO  o.s.w.s.h.SimpleUrlHandlerMapping - Mapped URL path [/**] onto handler of type [class org.springframework.web.servlet.resource.ResourceHttpRequestHandler]
23:27:39.454 [main] INFO  o.s.w.s.h.SimpleUrlHandlerMapping - Mapped URL path [/**/favicon.ico] onto handler of type [class org.springframework.web.servlet.resource.ResourceHttpRequestHandler]
23:27:39.834 [main] INFO  o.s.j.e.a.AnnotationMBeanExporter - Registering beans for JMX exposure on startup
23:27:39.840 [main] INFO  o.s.j.e.a.AnnotationMBeanExporter - Bean with name 'environmentManager' has been autodetected for JMX exposure
23:27:39.841 [main] INFO  o.s.j.e.a.AnnotationMBeanExporter - Bean with name 'configurationPropertiesRebinder' has been autodetected for JMX exposure
23:27:39.842 [main] INFO  o.s.j.e.a.AnnotationMBeanExporter - Bean with name 'refreshScope' has been autodetected for JMX exposure
23:27:39.844 [main] INFO  o.s.j.e.a.AnnotationMBeanExporter - Located managed bean 'environmentManager': registering with JMX server as MBean [org.springframework.cloud.context.environment:name=environmentManager,type=EnvironmentManager]
23:27:39.855 [main] INFO  o.s.j.e.a.AnnotationMBeanExporter - Located managed bean 'refreshScope': registering with JMX server as MBean [org.springframework.cloud.context.scope.refresh:name=refreshScope,type=RefreshScope]
23:27:39.863 [main] INFO  o.s.j.e.a.AnnotationMBeanExporter - Located managed bean 'configurationPropertiesRebinder': registering with JMX server as MBean [org.springframework.cloud.context.properties:name=configurationPropertiesRebinder,context=5ac7aa18,type=ConfigurationPropertiesRebinder]
23:27:39.989 [main] INFO  o.s.c.s.DefaultLifecycleProcessor - Starting beans in phase 0
23:27:39.997 [main] INFO  o.s.c.n.eureka.InstanceInfoFactory - Setting initial instance status as: STARTING
23:27:40.044 [main] INFO  c.netflix.discovery.DiscoveryClient - Initializing Eureka in region us-east-1
23:27:40.241 [main] INFO  c.n.d.p.DiscoveryJerseyProvider - Using JSON encoding codec LegacyJacksonJson
23:27:40.242 [main] INFO  c.n.d.p.DiscoveryJerseyProvider - Using JSON decoding codec LegacyJacksonJson
23:27:40.343 [main] INFO  c.n.d.p.DiscoveryJerseyProvider - Using XML encoding codec XStreamXml
23:27:40.344 [main] INFO  c.n.d.p.DiscoveryJerseyProvider - Using XML decoding codec XStreamXml
23:27:40.478 [main] INFO  c.n.d.s.r.aws.ConfigClusterResolver - Resolving eureka endpoints via configuration
23:27:40.593 [main] INFO  c.netflix.discovery.DiscoveryClient - Disable delta property : false
23:27:40.593 [main] INFO  c.netflix.discovery.DiscoveryClient - Single vip registry refresh property : null
23:27:40.593 [main] INFO  c.netflix.discovery.DiscoveryClient - Force full registry fetch : false
23:27:40.593 [main] INFO  c.netflix.discovery.DiscoveryClient - Application is null : false
23:27:40.593 [main] INFO  c.netflix.discovery.DiscoveryClient - Registered Applications size is zero : true
23:27:40.594 [main] INFO  c.netflix.discovery.DiscoveryClient - Application version is -1: true
23:27:40.594 [main] INFO  c.netflix.discovery.DiscoveryClient - Getting all instance registry info from the eureka server
23:27:40.764 [main] INFO  c.netflix.discovery.DiscoveryClient - The response status is 200
23:27:40.765 [main] INFO  c.netflix.discovery.DiscoveryClient - Starting heartbeat executor: renew interval is: 5
23:27:40.768 [main] INFO  c.n.discovery.InstanceInfoReplicator - InstanceInfoReplicator onDemand update allowed rate per min is 4
23:27:40.770 [main] INFO  c.netflix.discovery.DiscoveryClient - Discovery Client initialized at timestamp 1539012460770 with initial instances count: 3
23:27:40.801 [main] INFO  o.s.c.n.e.s.EurekaServiceRegistry - Registering application e-book-user-core with eureka with status UP
23:27:40.802 [main] INFO  c.netflix.discovery.DiscoveryClient - Saw local status change event StatusChangeEvent [timestamp=1539012460802, current=UP, previous=STARTING]
23:27:40.804 [DiscoveryClient-InstanceInfoReplicator-0] INFO  c.netflix.discovery.DiscoveryClient - DiscoveryClient_E-BOOK-USER-CORE/localhost:e-book-user-core:8083: registering service...
23:27:40.827 [main] INFO  o.a.coyote.http11.Http11NioProtocol - Starting ProtocolHandler ["http-nio-8083"]
23:27:40.842 [main] INFO  o.a.tomcat.util.net.NioSelectorPool - Using a shared selector for servlet write/read
23:27:40.843 [DiscoveryClient-InstanceInfoReplicator-0] INFO  c.netflix.discovery.DiscoveryClient - DiscoveryClient_E-BOOK-USER-CORE/localhost:e-book-user-core:8083 - registration status: 204
23:27:40.858 [main] INFO  o.s.b.c.e.t.TomcatEmbeddedServletContainer - Tomcat started on port(s): 8083 (http)
23:27:40.858 [main] INFO  o.s.c.n.e.s.EurekaAutoServiceRegistration - Updating port to 8083
23:27:40.862 [main] INFO  com.nzy.eureka.book.UserApplication - Started UserApplication in 8.49 seconds (JVM running for 9.181)
23:29:04.500 [http-nio-8083-exec-1] INFO  o.a.c.c.C.[Tomcat].[localhost].[/] - Initializing Spring FrameworkServlet 'dispatcherServlet'
23:29:04.500 [http-nio-8083-exec-1] INFO  o.s.web.servlet.DispatcherServlet - FrameworkServlet 'dispatcherServlet': initialization started
23:29:04.521 [http-nio-8083-exec-1] INFO  o.s.web.servlet.DispatcherServlet - FrameworkServlet 'dispatcherServlet': initialization completed in 21 ms
23:32:40.597 [AsyncResolver-bootstrap-executor-0] INFO  c.n.d.s.r.aws.ConfigClusterResolver - Resolving eureka endpoints via configuration
23:37:40.599 [AsyncResolver-bootstrap-executor-0] INFO  c.n.d.s.r.aws.ConfigClusterResolver - Resolving eureka endpoints via configuration
23:42:40.600 [AsyncResolver-bootstrap-executor-0] INFO  c.n.d.s.r.aws.ConfigClusterResolver - Resolving eureka endpoints via configuration
23:47:40.600 [AsyncResolver-bootstrap-executor-0] INFO  c.n.d.s.r.aws.ConfigClusterResolver - Resolving eureka endpoints via configuration
23:52:40.603 [AsyncResolver-bootstrap-executor-0] INFO  c.n.d.s.r.aws.ConfigClusterResolver - Resolving eureka endpoints via configuration
23:57:40.605 [AsyncResolver-bootstrap-executor-0] INFO  c.n.d.s.r.aws.ConfigClusterResolver - Resolving eureka endpoints via configuration
